<?xml version="1.0" encoding="UTF-8"?>
<testng-results ignored="0" total="1" passed="1" failed="0" skipped="0">
  <reporter-output>
  </reporter-output>
  <suite started-at="2018-12-11T09:11:26Z" name="Default suite" finished-at="2018-12-11T09:11:33Z" duration-ms="7810">
    <groups>
    </groups>
    <test started-at="2018-12-11T09:11:26Z" name="Default test" finished-at="2018-12-11T09:11:33Z" duration-ms="7810">
      <class name="Datadriven.Annot">
        <test-method signature="Login()[pri:0, instance:Datadriven.Annot@4b2bac3f]" started-at="2018-12-11T09:11:26Z" name="Login" finished-at="2018-12-11T09:11:33Z" duration-ms="7786" status="PASS">
          <reporter-output>
          </reporter-output>
        </test-method> <!-- Login -->
      </class> <!-- Datadriven.Annot -->
    </test> <!-- Default test -->
  </suite> <!-- Default suite -->
</testng-results>
